
    SELECT `pets`.`name`,  `users`.`name`
    FROM `pets`
    LEFT JOIN `users` ON `pets`.`user_id` = `users`.`id`
    WHERE `pets`.`user_id` <> 0

--Unknown column 'pets.user_id' in 'where clause'
--file: C:\OSPanel\domains\vagrant\public\modules\pets\main.php
--line: 12
--date: 2019-12-13 14:49:29
===================================


    SELECT *
    FROM `users`

--Commands out of sync; you can't run this command now
--file: C:\OSPanel\domains\vagrant\public\modules\pets\main.php
--line: 6
--date: 2019-12-17 19:40:41
===================================


    SELECT *
    FROM `users`

--Commands out of sync; you can't run this command now
--file: C:\OSPanel\domains\vagrant\public\modules\pets\main.php
--line: 7
--date: 2019-12-17 19:41:47
===================================


    SELECT *
    FROM `users`

--Commands out of sync; you can't run this command now
--file: C:\OSPanel\domains\vagrant\public\modules\pets\main.php
--line: 9
--date: 2019-12-17 19:44:52
===================================


    SELECT *
    FROM `users`

--Commands out of sync; you can't run this command now
--file: C:\OSPanel\domains\vagrant\public\modules\pets\main.php
--line: 9
--date: 2019-12-17 19:45:31
===================================


    SELECT *
    FROM `users`

--Commands out of sync; you can't run this command now
--file: C:\OSPanel\domains\vagrant\public\modules\pets\main.php
--line: 9
--date: 2019-12-17 19:46:59
===================================


    SELECT *
    FROM `users`

--Commands out of sync; you can't run this command now
--file: C:\OSPanel\domains\vagrant\public\modules\pets\main.php
--line: 10
--date: 2019-12-17 19:47:59
===================================


    SELECT *
    FROM `users`

--Commands out of sync; you can't run this command now
--file: C:\OSPanel\domains\vagrant\public\modules\pets\main.php
--line: 10
--date: 2019-12-17 19:48:01
===================================


    SELECT *
    FROM `users`

--Commands out of sync; you can't run this command now
--file: C:\OSPanel\domains\vagrant\public\modules\pets\main.php
--line: 10
--date: 2019-12-17 19:48:01
===================================


    SELECT *
    FROM `users`

--Commands out of sync; you can't run this command now
--file: C:\OSPanel\domains\vagrant\public\modules\pets\main.php
--line: 10
--date: 2019-12-17 19:48:02
===================================


    SELECT *
    FROM `users`

--Commands out of sync; you can't run this command now
--file: C:\OSPanel\domains\vagrant\public\modules\pets\main.php
--line: 12
--date: 2019-12-17 19:49:07
===================================


    SELECT *
    FROM `users`

--Commands out of sync; you can't run this command now
--file: C:\OSPanel\domains\vagrant\public\modules\pets\main.php
--line: 12
--date: 2019-12-17 19:49:13
===================================


			INSERT INTO `fw_users` SET
			`login` = 'innlina',
			`password` = '$2y$10$JpXQQHkn.FRcvPeGqv7.tu5WA7BRbvNMywxhHOKRplESnGgPF6D/a',
			`email` = 'Innlina@mail.ru'
		
--Field 'date' doesn't have a default value
--file: C:\OSPanel\domains\vagrant\public\vendor\schoolphp\library\User\Registration.php
--line: 118
--date: 2019-12-29 23:43:49
===================================


			INSERT INTO `fw_users` SET
			`login` = 'innlina',
			`password` = '$2y$10$ItL3oM2WNqMkJZrTEiriCO0W2PSyK6QlT3gdttd1Ug.zNJ271KCWm',
			`email` = 'Innlina@mail.ru'
		
--Field 'about' doesn't have a default value
--file: C:\OSPanel\domains\vagrant\public\vendor\schoolphp\library\User\Registration.php
--line: 118
--date: 2019-12-29 23:50:19
===================================


			INSERT INTO `fw_users` SET
			`login` = 'innlina',
			`password` = '$2y$10$NA1DAVntjCE6slTyipv5/OdLHGmye2zVmtcvj5e1KJkN5pPjcmc72',
			`email` = 'Innlina@mail.ru',
			`about` = 'default',
		
--You have an error in your SQL syntax; check the manual that corresponds to your MySQL server version for the right syntax to use near '' at line 5
--file: C:\OSPanel\domains\vagrant\public\vendor\schoolphp\library\User\Registration.php
--line: 118
--date: 2019-12-29 23:57:32
===================================

